<?xml version="1.0" encoding="UTF-8"?>
<coverage generated="1672449409161" clover="3.2.0">
  <project timestamp="1672449409161" name="All files">
    <metrics statements="31" coveredstatements="29" conditionals="6" coveredconditionals="5" methods="8" coveredmethods="6" elements="45" coveredelements="40" complexity="0" loc="31" ncloc="31" packages="1" files="3" classes="3"/>
    <file name="Note.js" path="/Users/Lee/Projects/react_tutorial/fullstackopen_note_app/src/components/Note.js">
      <metrics statements="4" coveredstatements="4" conditionals="2" coveredconditionals="1" methods="1" coveredmethods="1"/>
      <line num="1" count="1" type="stmt"/>
      <line num="2" count="2" type="cond" truecount="1" falsecount="1"/>
      <line num="4" count="2" type="stmt"/>
      <line num="9" count="2" type="stmt"/>
    </file>
    <file name="NotesForm.js" path="/Users/Lee/Projects/react_tutorial/fullstackopen_note_app/src/components/NotesForm.js">
      <metrics statements="16" coveredstatements="15" conditionals="0" coveredconditionals="0" methods="4" coveredmethods="3"/>
      <line num="3" count="1" type="stmt"/>
      <line num="4" count="19" type="stmt"/>
      <line num="5" count="19" type="stmt"/>
      <line num="7" count="19" type="stmt"/>
      <line num="8" count="17" type="stmt"/>
      <line num="11" count="19" type="stmt"/>
      <line num="12" count="0" type="stmt"/>
      <line num="15" count="19" type="stmt"/>
      <line num="16" count="1" type="stmt"/>
      <line num="17" count="1" type="stmt"/>
      <line num="23" count="1" type="stmt"/>
      <line num="24" count="1" type="stmt"/>
      <line num="25" count="1" type="stmt"/>
      <line num="28" count="19" type="stmt"/>
      <line num="32" count="19" type="stmt"/>
      <line num="36" count="19" type="stmt"/>
    </file>
    <file name="Togglable.js" path="/Users/Lee/Projects/react_tutorial/fullstackopen_note_app/src/components/Togglable.js">
      <metrics statements="11" coveredstatements="10" conditionals="4" coveredconditionals="4" methods="3" coveredmethods="2"/>
      <line num="3" count="1" type="stmt"/>
      <line num="4" count="7" type="stmt"/>
      <line num="6" count="7" type="stmt"/>
      <line num="9" count="7" type="stmt"/>
      <line num="13" count="7" type="stmt"/>
      <line num="14" count="3" type="stmt"/>
      <line num="17" count="7" type="stmt"/>
      <line num="18" count="0" type="stmt"/>
      <line num="21" count="7" type="stmt"/>
      <line num="25" count="7" type="stmt"/>
      <line num="38" count="1" type="stmt"/>
    </file>
  </project>
</coverage>
