{"/Users/Lee/Projects/react_tutorial/fullstackopen_note_app/src/components/Note.js": {"path":"/Users/Lee/Projects/react_tutorial/fullstackopen_note_app/src/components/Note.js","statementMap":{"0":{"start":{"line":1,"column":13},"end":{"line":15,"column":1}},"1":{"start":{"line":2,"column":16},"end":{"line":2,"column":72}},"2":{"start":{"line":4,"column":20},"end":{"line":7,"column":3}},"3":{"start":{"line":9,"column":2},"end":{"line":14,"column":4}}},"fnMap":{"0":{"name":"(anonymous_0)","decl":{"start":{"line":1,"column":13},"end":{"line":1,"column":14}},"loc":{"start":{"line":1,"column":67},"end":{"line":15,"column":1}},"line":1}},"branchMap":{"0":{"loc":{"start":{"line":2,"column":16},"end":{"line":2,"column":72}},"type":"cond-expr","locations":[{"start":{"line":2,"column":33},"end":{"line":2,"column":53}},{"start":{"line":2,"column":56},"end":{"line":2,"column":72}}],"line":2}},"s":{"0":1,"1":2,"2":2,"3":2},"f":{"0":2},"b":{"0":[2,0]},"_coverageSchema":"1a1c01bbd47fc00a2c39e90264f33305004495a9","hash":"f34d788911c3b2d77755a457a5c32296ea592b49"}
,"/Users/Lee/Projects/react_tutorial/fullstackopen_note_app/src/components/NotesForm.js": {"path":"/Users/Lee/Projects/react_tutorial/fullstackopen_note_app/src/components/NotesForm.js","statementMap":{"0":{"start":{"line":3,"column":18},"end":{"line":55,"column":1}},"1":{"start":{"line":4,"column":32},"end":{"line":4,"column":44}},"2":{"start":{"line":5,"column":46},"end":{"line":5,"column":61}},"3":{"start":{"line":7,"column":24},"end":{"line":9,"column":3}},"4":{"start":{"line":8,"column":4},"end":{"line":8,"column":35}},"5":{"start":{"line":11,"column":31},"end":{"line":13,"column":3}},"6":{"start":{"line":12,"column":4},"end":{"line":12,"column":42}},"7":{"start":{"line":15,"column":21},"end":{"line":26,"column":3}},"8":{"start":{"line":16,"column":4},"end":{"line":16,"column":27}},"9":{"start":{"line":17,"column":23},"end":{"line":21,"column":5}},"10":{"start":{"line":23,"column":4},"end":{"line":23,"column":30}},"11":{"start":{"line":24,"column":4},"end":{"line":24,"column":19}},"12":{"start":{"line":25,"column":4},"end":{"line":25,"column":29}},"13":{"start":{"line":28,"column":20},"end":{"line":30,"column":3}},"14":{"start":{"line":32,"column":20},"end":{"line":34,"column":3}},"15":{"start":{"line":36,"column":2},"end":{"line":54,"column":4}}},"fnMap":{"0":{"name":"(anonymous_0)","decl":{"start":{"line":3,"column":18},"end":{"line":3,"column":19}},"loc":{"start":{"line":3,"column":41},"end":{"line":55,"column":1}},"line":3},"1":{"name":"(anonymous_1)","decl":{"start":{"line":7,"column":24},"end":{"line":7,"column":25}},"loc":{"start":{"line":7,"column":35},"end":{"line":9,"column":3}},"line":7},"2":{"name":"(anonymous_2)","decl":{"start":{"line":11,"column":31},"end":{"line":11,"column":32}},"loc":{"start":{"line":11,"column":42},"end":{"line":13,"column":3}},"line":11},"3":{"name":"(anonymous_3)","decl":{"start":{"line":15,"column":21},"end":{"line":15,"column":22}},"loc":{"start":{"line":15,"column":38},"end":{"line":26,"column":3}},"line":15}},"branchMap":{},"s":{"0":1,"1":19,"2":19,"3":19,"4":17,"5":19,"6":0,"7":19,"8":1,"9":1,"10":1,"11":1,"12":1,"13":19,"14":19,"15":19},"f":{"0":19,"1":17,"2":0,"3":1},"b":{},"_coverageSchema":"1a1c01bbd47fc00a2c39e90264f33305004495a9","hash":"91a801ef2b20b188bb780c709b9205fe2fcc31bf"}
,"/Users/Lee/Projects/react_tutorial/fullstackopen_note_app/src/components/Togglable.js": {"path":"/Users/Lee/Projects/react_tutorial/fullstackopen_note_app/src/components/Togglable.js","statementMap":{"0":{"start":{"line":3,"column":18},"end":{"line":36,"column":2}},"1":{"start":{"line":4,"column":32},"end":{"line":4,"column":47}},"2":{"start":{"line":6,"column":26},"end":{"line":8,"column":3}},"3":{"start":{"line":9,"column":26},"end":{"line":11,"column":3}},"4":{"start":{"line":13,"column":27},"end":{"line":15,"column":3}},"5":{"start":{"line":14,"column":4},"end":{"line":14,"column":25}},"6":{"start":{"line":17,"column":2},"end":{"line":19,"column":5}},"7":{"start":{"line":18,"column":4},"end":{"line":18,"column":32}},"8":{"start":{"line":21,"column":26},"end":{"line":23,"column":3}},"9":{"start":{"line":25,"column":2},"end":{"line":35,"column":4}},"10":{"start":{"line":38,"column":0},"end":{"line":38,"column":35}}},"fnMap":{"0":{"name":"(anonymous_0)","decl":{"start":{"line":3,"column":29},"end":{"line":3,"column":30}},"loc":{"start":{"line":3,"column":66},"end":{"line":36,"column":1}},"line":3},"1":{"name":"(anonymous_1)","decl":{"start":{"line":13,"column":27},"end":{"line":13,"column":28}},"loc":{"start":{"line":13,"column":33},"end":{"line":15,"column":3}},"line":13},"2":{"name":"(anonymous_2)","decl":{"start":{"line":17,"column":28},"end":{"line":17,"column":29}},"loc":{"start":{"line":17,"column":34},"end":{"line":19,"column":3}},"line":17}},"branchMap":{"0":{"loc":{"start":{"line":7,"column":13},"end":{"line":7,"column":34}},"type":"cond-expr","locations":[{"start":{"line":7,"column":23},"end":{"line":7,"column":29}},{"start":{"line":7,"column":32},"end":{"line":7,"column":34}}],"line":7},"1":{"loc":{"start":{"line":10,"column":13},"end":{"line":10,"column":34}},"type":"cond-expr","locations":[{"start":{"line":10,"column":23},"end":{"line":10,"column":25}},{"start":{"line":10,"column":28},"end":{"line":10,"column":34}}],"line":10}},"s":{"0":1,"1":7,"2":7,"3":7,"4":7,"5":3,"6":7,"7":0,"8":7,"9":7,"10":1},"f":{"0":7,"1":3,"2":0},"b":{"0":[2,5],"1":[2,5]},"_coverageSchema":"1a1c01bbd47fc00a2c39e90264f33305004495a9","hash":"5dead9d10bc09ab7d22e974bda47d9c7fa42fc1e"}
}
