TN:
SF:src/components/Note.js
FN:1,(anonymous_0)
FNF:1
FNH:1
FNDA:2,(anonymous_0)
DA:1,1
DA:2,2
DA:4,2
DA:9,2
LF:4
LH:4
BRDA:2,0,0,2
BRDA:2,0,1,0
BRF:2
BRH:1
end_of_record
TN:
SF:src/components/NotesForm.js
FN:3,(anonymous_0)
FN:7,(anonymous_1)
FN:11,(anonymous_2)
FN:15,(anonymous_3)
FNF:4
FNH:3
FNDA:19,(anonymous_0)
FNDA:17,(anonymous_1)
FNDA:0,(anonymous_2)
FNDA:1,(anonymous_3)
DA:3,1
DA:4,19
DA:5,19
DA:7,19
DA:8,17
DA:11,19
DA:12,0
DA:15,19
DA:16,1
DA:17,1
DA:23,1
DA:24,1
DA:25,1
DA:28,19
DA:32,19
DA:36,19
LF:16
LH:15
BRF:0
BRH:0
end_of_record
TN:
SF:src/components/Togglable.js
FN:3,(anonymous_0)
FN:13,(anonymous_1)
FN:17,(anonymous_2)
FNF:3
FNH:2
FNDA:7,(anonymous_0)
FNDA:3,(anonymous_1)
FNDA:0,(anonymous_2)
DA:3,1
DA:4,7
DA:6,7
DA:9,7
DA:13,7
DA:14,3
DA:17,7
DA:18,0
DA:21,7
DA:25,7
DA:38,1
LF:11
LH:10
BRDA:7,0,0,2
BRDA:7,0,1,5
BRDA:10,1,0,2
BRDA:10,1,1,5
BRF:4
BRH:4
end_of_record
